2025-07-24 16:22:50 INFO  BookingSteps:29 - Current Working Directory: C:\Users\DELL\eclipse-workspace\EventManagementAutomation
2025-07-24 16:22:50 INFO  BookingSteps:30 - Starting Chrome Browser....
2025-07-24 16:22:55 INFO  BookingSteps:39 - Navigating to Booking Page....
2025-07-24 16:22:56 INFO  BookingSteps:57 - Entered all fields blank....
2025-07-24 16:22:56 INFO  BookingSteps:65 - Click book now button
2025-07-24 16:22:57 INFO  BookingSteps:97 - Error message displayed below all fields....
2025-07-24 16:22:59 INFO  BookingSteps:29 - Current Working Directory: C:\Users\DELL\eclipse-workspace\EventManagementAutomation
2025-07-24 16:22:59 INFO  BookingSteps:30 - Starting Chrome Browser....
2025-07-24 16:23:06 INFO  BookingSteps:39 - Navigating to Booking Page....
2025-07-24 16:23:10 INFO  BookingSteps:118 - Entered valid details in all fields with invalid email....
2025-07-24 16:23:11 INFO  BookingSteps:65 - Click book now button
2025-07-24 16:23:11 ERROR BookingSteps:125 - No error message displayed for invalid email....
2025-07-24 16:23:13 INFO  BookingSteps:29 - Current Working Directory: C:\Users\DELL\eclipse-workspace\EventManagementAutomation
2025-07-24 16:23:13 INFO  BookingSteps:30 - Starting Chrome Browser....
2025-07-24 16:23:23 INFO  BookingSteps:39 - Navigating to Booking Page....
2025-07-24 16:23:25 INFO  BookingSteps:153 - Entered valid details in all fields with non-numeric phoneno....
2025-07-24 16:23:25 INFO  BookingSteps:65 - Click book now button
2025-07-24 16:23:25 ERROR BookingSteps:160 - No error message displayed for non-numeric phoneno....
2025-07-24 16:23:27 INFO  BookingSteps:29 - Current Working Directory: C:\Users\DELL\eclipse-workspace\EventManagementAutomation
2025-07-24 16:23:27 INFO  BookingSteps:30 - Starting Chrome Browser....
2025-07-24 16:23:41 INFO  BookingSteps:39 - Navigating to Booking Page....
2025-07-24 16:23:42 INFO  BookingSteps:182 - Entered valid details in all fields....
2025-07-24 16:23:43 INFO  BookingSteps:65 - Click book now button
2025-07-24 16:23:43 INFO  BookingSteps:133 - Success message shown when valid details are entered....
2025-07-24 16:23:44 INFO  ContactUsSteps:33 - Current Working Directory: C:\Users\DELL\eclipse-workspace\EventManagementAutomation
2025-07-24 16:23:44 INFO  ContactUsSteps:34 - Starting chrome browser....
2025-07-24 16:24:07 INFO  ContactUsSteps:44 - Navigate to ContactUs page....
2025-07-24 16:24:08 INFO  ContactUsSteps:57 - Enter all valid details and invalid email by reading Excel file....
2025-07-24 16:24:08 INFO  ContactUsSteps:67 - Clicked on send message button....
2025-07-24 16:24:08 ERROR ContactUsSteps:82 - No error message displayed for invalid email....
2025-07-24 16:24:10 INFO  ContactUsSteps:33 - Current Working Directory: C:\Users\DELL\eclipse-workspace\EventManagementAutomation
2025-07-24 16:24:10 INFO  ContactUsSteps:34 - Starting chrome browser....
2025-07-24 16:24:30 INFO  ContactUsSteps:44 - Navigate to ContactUs page....
2025-07-24 16:24:32 INFO  ContactUsSteps:96 - Entered all valid details....
2025-07-24 16:24:32 INFO  ContactUsSteps:67 - Clicked on send message button....
2025-07-24 16:24:32 INFO  ContactUsSteps:75 - Success Message is displayed after 3 seconds....
2025-07-24 16:35:02 INFO  BookingSteps:29 - Current Working Directory: C:\Users\DELL\eclipse-workspace\EventManagementAutomation
2025-07-24 16:35:02 INFO  BookingSteps:30 - Starting Chrome Browser....
2025-07-24 16:35:18 INFO  BookingSteps:39 - Navigating to Booking Page....
2025-07-24 16:35:20 INFO  BookingSteps:57 - Entered all fields blank....
2025-07-24 16:35:20 INFO  BookingSteps:65 - Click book now button
2025-07-24 16:35:21 INFO  BookingSteps:97 - Error message displayed below all fields....
2025-07-24 16:35:23 INFO  BookingSteps:29 - Current Working Directory: C:\Users\DELL\eclipse-workspace\EventManagementAutomation
2025-07-24 16:35:23 INFO  BookingSteps:30 - Starting Chrome Browser....
2025-07-24 16:35:34 INFO  BookingSteps:39 - Navigating to Booking Page....
2025-07-24 16:35:39 INFO  BookingSteps:118 - Entered valid details in all fields with invalid email....
2025-07-24 16:35:40 INFO  BookingSteps:65 - Click book now button
2025-07-24 16:35:40 ERROR BookingSteps:125 - No error message displayed for invalid email....
2025-07-24 16:35:42 INFO  BookingSteps:29 - Current Working Directory: C:\Users\DELL\eclipse-workspace\EventManagementAutomation
2025-07-24 16:35:42 INFO  BookingSteps:30 - Starting Chrome Browser....
2025-07-24 16:35:55 INFO  BookingSteps:39 - Navigating to Booking Page....
2025-07-24 16:35:57 INFO  BookingSteps:154 - Entered valid details in all fields with non-numeric phoneno....
2025-07-24 16:35:57 INFO  BookingSteps:65 - Click book now button
2025-07-24 16:35:57 ERROR BookingSteps:161 - No error message displayed for non-numeric phoneno....
2025-07-24 16:35:59 INFO  BookingSteps:29 - Current Working Directory: C:\Users\DELL\eclipse-workspace\EventManagementAutomation
2025-07-24 16:35:59 INFO  BookingSteps:30 - Starting Chrome Browser....
2025-07-24 16:36:14 INFO  BookingSteps:39 - Navigating to Booking Page....
2025-07-24 16:36:17 INFO  BookingSteps:184 - Entered valid details in all fields....
2025-07-24 16:36:17 INFO  BookingSteps:65 - Click book now button
2025-07-24 16:36:17 INFO  BookingSteps:134 - Success message shown when valid details are entered....
2025-07-24 16:36:18 INFO  ContactUsSteps:33 - Current Working Directory: C:\Users\DELL\eclipse-workspace\EventManagementAutomation
2025-07-24 16:36:18 INFO  ContactUsSteps:34 - Starting chrome browser....
2025-07-24 16:36:31 INFO  ContactUsSteps:44 - Navigate to ContactUs page....
2025-07-24 16:36:32 INFO  ContactUsSteps:57 - Enter all valid details and invalid email by reading Excel file....
2025-07-24 16:36:32 INFO  ContactUsSteps:67 - Clicked on send message button....
2025-07-24 16:36:32 ERROR ContactUsSteps:82 - No error message displayed for invalid email....
2025-07-24 16:36:34 INFO  ContactUsSteps:33 - Current Working Directory: C:\Users\DELL\eclipse-workspace\EventManagementAutomation
2025-07-24 16:36:34 INFO  ContactUsSteps:34 - Starting chrome browser....
2025-07-24 16:36:52 INFO  ContactUsSteps:44 - Navigate to ContactUs page....
2025-07-24 16:36:53 INFO  ContactUsSteps:97 - Entered all valid details....
2025-07-24 16:36:53 INFO  ContactUsSteps:67 - Clicked on send message button....
2025-07-24 16:36:53 INFO  ContactUsSteps:75 - Success Message is displayed after 3 seconds....
2025-07-24 16:49:01 INFO  BookingSteps:29 - Current Working Directory: C:\Users\DELL\eclipse-workspace\EventManagementAutomation
2025-07-24 16:49:01 INFO  BookingSteps:30 - Starting Chrome Browser....
2025-07-24 16:49:07 INFO  BookingSteps:39 - Navigating to Booking Page....
2025-07-24 16:49:09 INFO  BookingSteps:57 - Entered all fields blank....
2025-07-24 16:49:10 INFO  BookingSteps:65 - Click book now button
2025-07-24 16:49:10 INFO  BookingSteps:97 - Error message displayed below all fields....
2025-07-24 16:49:12 INFO  BookingSteps:29 - Current Working Directory: C:\Users\DELL\eclipse-workspace\EventManagementAutomation
2025-07-24 16:49:12 INFO  BookingSteps:30 - Starting Chrome Browser....
2025-07-24 16:49:21 INFO  BookingSteps:39 - Navigating to Booking Page....
2025-07-24 16:49:25 INFO  BookingSteps:118 - Entered valid details in all fields with invalid email....
2025-07-24 16:49:25 INFO  BookingSteps:65 - Click book now button
2025-07-24 16:49:25 ERROR BookingSteps:125 - No error message displayed for invalid email....
2025-07-24 16:49:28 INFO  BookingSteps:29 - Current Working Directory: C:\Users\DELL\eclipse-workspace\EventManagementAutomation
2025-07-24 16:49:28 INFO  BookingSteps:30 - Starting Chrome Browser....
2025-07-24 16:49:37 INFO  BookingSteps:39 - Navigating to Booking Page....
2025-07-24 16:49:40 INFO  BookingSteps:154 - Entered valid details in all fields with non-numeric phoneno....
2025-07-24 16:49:40 INFO  BookingSteps:65 - Click book now button
2025-07-24 16:49:40 ERROR BookingSteps:161 - No error message displayed for non-numeric phoneno....
2025-07-24 16:49:43 INFO  BookingSteps:29 - Current Working Directory: C:\Users\DELL\eclipse-workspace\EventManagementAutomation
2025-07-24 16:49:43 INFO  BookingSteps:30 - Starting Chrome Browser....
2025-07-24 16:49:52 INFO  BookingSteps:39 - Navigating to Booking Page....
2025-07-24 16:49:55 INFO  BookingSteps:184 - Entered valid details in all fields....
2025-07-24 16:49:56 INFO  BookingSteps:65 - Click book now button
2025-07-24 16:49:56 INFO  BookingSteps:134 - Success message shown when valid details are entered....
2025-07-24 16:49:58 INFO  ContactUsSteps:33 - Current Working Directory: C:\Users\DELL\eclipse-workspace\EventManagementAutomation
2025-07-24 16:49:58 INFO  ContactUsSteps:34 - Starting chrome browser....
2025-07-24 16:50:08 INFO  ContactUsSteps:44 - Navigate to ContactUs page....
2025-07-24 16:50:09 INFO  ContactUsSteps:57 - Enter all valid details and invalid email by reading Excel file....
2025-07-24 16:50:10 INFO  ContactUsSteps:67 - Clicked on send message button....
2025-07-24 16:50:10 ERROR ContactUsSteps:82 - No error message displayed for invalid email....
2025-07-24 16:50:12 INFO  ContactUsSteps:33 - Current Working Directory: C:\Users\DELL\eclipse-workspace\EventManagementAutomation
2025-07-24 16:50:12 INFO  ContactUsSteps:34 - Starting chrome browser....
2025-07-24 16:50:22 INFO  ContactUsSteps:44 - Navigate to ContactUs page....
2025-07-24 16:50:23 INFO  ContactUsSteps:97 - Entered all valid details....
2025-07-24 16:50:23 INFO  ContactUsSteps:67 - Clicked on send message button....
2025-07-24 16:50:23 INFO  ContactUsSteps:75 - Success Message is displayed after 3 seconds....
2025-07-25 11:41:32 INFO  BookingSteps:29 - Current Working Directory: C:\Users\DELL\eclipse-workspace\EventManagementAutomation
2025-07-25 11:41:32 INFO  BookingSteps:30 - Starting Chrome Browser....
2025-07-25 11:42:11 INFO  BookingSteps:39 - Navigating to Booking Page....
2025-07-25 11:42:13 INFO  BookingSteps:57 - Entered all fields blank....
2025-07-25 11:42:13 INFO  BookingSteps:65 - Click book now button
2025-07-25 11:42:13 INFO  BookingSteps:97 - Error message displayed below all fields....
2025-07-25 11:42:15 INFO  BookingSteps:29 - Current Working Directory: C:\Users\DELL\eclipse-workspace\EventManagementAutomation
2025-07-25 11:42:15 INFO  BookingSteps:30 - Starting Chrome Browser....
2025-07-25 11:42:24 INFO  BookingSteps:39 - Navigating to Booking Page....
2025-07-25 11:42:28 INFO  BookingSteps:118 - Entered valid details in all fields with invalid email....
2025-07-25 11:42:28 INFO  BookingSteps:65 - Click book now button
2025-07-25 11:42:28 ERROR BookingSteps:125 - No error message displayed for invalid email....
2025-07-25 11:42:30 INFO  BookingSteps:29 - Current Working Directory: C:\Users\DELL\eclipse-workspace\EventManagementAutomation
2025-07-25 11:42:30 INFO  BookingSteps:30 - Starting Chrome Browser....
2025-07-25 11:42:40 INFO  BookingSteps:39 - Navigating to Booking Page....
2025-07-25 11:42:43 INFO  BookingSteps:154 - Entered valid details in all fields with non-numeric phoneno....
2025-07-25 11:42:43 INFO  BookingSteps:65 - Click book now button
2025-07-25 11:42:43 ERROR BookingSteps:161 - No error message displayed for non-numeric phoneno....
2025-07-25 11:42:46 INFO  BookingSteps:29 - Current Working Directory: C:\Users\DELL\eclipse-workspace\EventManagementAutomation
2025-07-25 11:42:46 INFO  BookingSteps:30 - Starting Chrome Browser....
2025-07-25 11:43:01 INFO  BookingSteps:39 - Navigating to Booking Page....
2025-07-25 11:43:03 INFO  BookingSteps:184 - Entered valid details in all fields....
2025-07-25 11:43:03 INFO  BookingSteps:65 - Click book now button
2025-07-25 11:43:03 INFO  BookingSteps:134 - Success message shown when valid details are entered....
2025-07-25 11:43:05 INFO  ContactUsSteps:33 - Current Working Directory: C:\Users\DELL\eclipse-workspace\EventManagementAutomation
2025-07-25 11:43:05 INFO  ContactUsSteps:34 - Starting chrome browser....
2025-07-25 11:43:17 INFO  ContactUsSteps:44 - Navigate to ContactUs page....
2025-07-25 11:43:18 INFO  ContactUsSteps:57 - Enter all valid details and invalid email by reading Excel file....
2025-07-25 11:43:18 INFO  ContactUsSteps:67 - Clicked on send message button....
2025-07-25 11:43:18 ERROR ContactUsSteps:82 - No error message displayed for invalid email....
2025-07-25 11:43:21 INFO  ContactUsSteps:33 - Current Working Directory: C:\Users\DELL\eclipse-workspace\EventManagementAutomation
2025-07-25 11:43:21 INFO  ContactUsSteps:34 - Starting chrome browser....
2025-07-25 11:43:35 INFO  ContactUsSteps:44 - Navigate to ContactUs page....
2025-07-25 11:43:36 INFO  ContactUsSteps:97 - Entered all valid details....
2025-07-25 11:43:36 INFO  ContactUsSteps:67 - Clicked on send message button....
2025-07-25 11:43:36 INFO  ContactUsSteps:75 - Success Message is displayed after 3 seconds....
2025-07-26 10:42:38 INFO  BookingSteps:29 - Current Working Directory: C:\Users\DELL\eclipse-workspace\EventManagementAutomation
2025-07-26 10:42:38 INFO  BookingSteps:30 - Starting Chrome Browser....
2025-07-26 10:42:51 INFO  BookingSteps:39 - Navigating to Booking Page....
2025-07-26 10:42:53 INFO  BookingSteps:57 - Entered all fields blank....
2025-07-26 10:42:53 INFO  BookingSteps:65 - Click book now button
2025-07-26 10:42:54 INFO  BookingSteps:97 - Error message displayed below all fields....
2025-07-26 10:42:56 INFO  BookingSteps:29 - Current Working Directory: C:\Users\DELL\eclipse-workspace\EventManagementAutomation
2025-07-26 10:42:56 INFO  BookingSteps:30 - Starting Chrome Browser....
2025-07-26 10:43:12 INFO  BookingSteps:39 - Navigating to Booking Page....
2025-07-26 10:43:16 INFO  BookingSteps:118 - Entered valid details in all fields with invalid email....
2025-07-26 10:43:17 INFO  BookingSteps:65 - Click book now button
2025-07-26 10:43:17 ERROR BookingSteps:125 - No error message displayed for invalid email....
2025-07-26 10:43:20 INFO  BookingSteps:29 - Current Working Directory: C:\Users\DELL\eclipse-workspace\EventManagementAutomation
2025-07-26 10:43:20 INFO  BookingSteps:30 - Starting Chrome Browser....
2025-07-26 10:43:36 INFO  BookingSteps:39 - Navigating to Booking Page....
2025-07-26 10:43:39 INFO  BookingSteps:154 - Entered valid details in all fields with non-numeric phoneno....
2025-07-26 10:43:39 INFO  BookingSteps:65 - Click book now button
2025-07-26 10:43:39 ERROR BookingSteps:161 - No error message displayed for non-numeric phoneno....
2025-07-26 10:43:41 INFO  BookingSteps:29 - Current Working Directory: C:\Users\DELL\eclipse-workspace\EventManagementAutomation
2025-07-26 10:43:41 INFO  BookingSteps:30 - Starting Chrome Browser....
2025-07-26 10:43:52 INFO  BookingSteps:39 - Navigating to Booking Page....
2025-07-26 10:43:54 INFO  BookingSteps:184 - Entered valid details in all fields....
2025-07-26 10:43:54 INFO  BookingSteps:65 - Click book now button
2025-07-26 10:43:54 INFO  BookingSteps:134 - Success message shown when valid details are entered....
2025-07-26 10:43:56 INFO  ContactUsSteps:33 - Current Working Directory: C:\Users\DELL\eclipse-workspace\EventManagementAutomation
2025-07-26 10:43:56 INFO  ContactUsSteps:34 - Starting chrome browser....
2025-07-26 10:44:11 INFO  ContactUsSteps:44 - Navigate to ContactUs page....
2025-07-26 10:44:12 INFO  ContactUsSteps:57 - Enter all valid details and invalid email by reading Excel file....
2025-07-26 10:44:12 INFO  ContactUsSteps:67 - Clicked on send message button....
2025-07-26 10:44:12 ERROR ContactUsSteps:82 - No error message displayed for invalid email....
2025-07-26 10:44:15 INFO  ContactUsSteps:33 - Current Working Directory: C:\Users\DELL\eclipse-workspace\EventManagementAutomation
2025-07-26 10:44:15 INFO  ContactUsSteps:34 - Starting chrome browser....
2025-07-26 10:44:26 INFO  ContactUsSteps:44 - Navigate to ContactUs page....
2025-07-26 10:44:27 INFO  ContactUsSteps:97 - Entered all valid details....
2025-07-26 10:44:27 INFO  ContactUsSteps:67 - Clicked on send message button....
2025-07-26 10:44:27 INFO  ContactUsSteps:75 - Success Message is displayed after 3 seconds....
2025-07-30 17:05:01 INFO  BookingSteps:29 - Current Working Directory: C:\Users\DELL\eclipse-workspace\EventManagementAutomation
2025-07-30 17:05:01 INFO  BookingSteps:30 - Starting Chrome Browser....
2025-07-30 17:05:10 INFO  BookingSteps:39 - Navigating to Booking Page....
2025-07-30 17:05:12 INFO  BookingSteps:57 - Entered all fields blank....
2025-07-30 17:05:13 INFO  BookingSteps:65 - Click book now button
2025-07-30 17:05:13 INFO  BookingSteps:97 - Error message displayed below all fields....
2025-07-30 17:05:15 INFO  BookingSteps:29 - Current Working Directory: C:\Users\DELL\eclipse-workspace\EventManagementAutomation
2025-07-30 17:05:15 INFO  BookingSteps:30 - Starting Chrome Browser....
2025-07-30 17:05:24 INFO  BookingSteps:39 - Navigating to Booking Page....
2025-07-30 17:05:29 INFO  BookingSteps:118 - Entered valid details in all fields with invalid email....
2025-07-30 17:05:29 INFO  BookingSteps:65 - Click book now button
2025-07-30 17:05:29 ERROR BookingSteps:125 - No error message displayed for invalid email....
2025-07-30 17:05:33 INFO  BookingSteps:29 - Current Working Directory: C:\Users\DELL\eclipse-workspace\EventManagementAutomation
2025-07-30 17:05:33 INFO  BookingSteps:30 - Starting Chrome Browser....
2025-07-30 17:05:44 INFO  BookingSteps:39 - Navigating to Booking Page....
2025-07-30 17:05:48 INFO  BookingSteps:154 - Entered valid details in all fields with non-numeric phoneno....
2025-07-30 17:05:48 INFO  BookingSteps:65 - Click book now button
2025-07-30 17:05:48 ERROR BookingSteps:161 - No error message displayed for non-numeric phoneno....
2025-07-30 17:05:51 INFO  BookingSteps:29 - Current Working Directory: C:\Users\DELL\eclipse-workspace\EventManagementAutomation
2025-07-30 17:05:51 INFO  BookingSteps:30 - Starting Chrome Browser....
2025-07-30 17:05:59 INFO  BookingSteps:39 - Navigating to Booking Page....
2025-07-30 17:06:02 INFO  BookingSteps:184 - Entered valid details in all fields....
2025-07-30 17:06:03 INFO  BookingSteps:65 - Click book now button
2025-07-30 17:06:03 INFO  BookingSteps:134 - Success message shown when valid details are entered....
2025-07-30 17:06:04 INFO  ContactUsSteps:33 - Current Working Directory: C:\Users\DELL\eclipse-workspace\EventManagementAutomation
2025-07-30 17:06:04 INFO  ContactUsSteps:34 - Starting chrome browser....
2025-07-30 17:06:12 INFO  ContactUsSteps:44 - Navigate to ContactUs page....
2025-07-30 17:06:13 INFO  ContactUsSteps:57 - Enter all valid details and invalid email by reading Excel file....
2025-07-30 17:06:14 INFO  ContactUsSteps:67 - Clicked on send message button....
2025-07-30 17:06:14 ERROR ContactUsSteps:82 - No error message displayed for invalid email....
2025-07-30 17:06:16 INFO  ContactUsSteps:33 - Current Working Directory: C:\Users\DELL\eclipse-workspace\EventManagementAutomation
2025-07-30 17:06:16 INFO  ContactUsSteps:34 - Starting chrome browser....
2025-07-30 17:06:31 INFO  ContactUsSteps:44 - Navigate to ContactUs page....
2025-07-30 17:06:32 INFO  ContactUsSteps:97 - Entered all valid details....
2025-07-30 17:06:33 INFO  ContactUsSteps:67 - Clicked on send message button....
2025-07-30 17:06:33 INFO  ContactUsSteps:75 - Success Message is displayed after 3 seconds....
2025-07-30 18:12:32 INFO  BookingSteps:29 - Current Working Directory: C:\Users\DELL\eclipse-workspace\EventManagementAutomation
2025-07-30 18:12:32 INFO  BookingSteps:30 - Starting Chrome Browser....
2025-07-30 18:12:52 INFO  BookingSteps:39 - Navigating to Booking Page....
2025-07-30 18:12:53 INFO  BookingSteps:57 - Entered all fields blank....
2025-07-30 18:12:53 INFO  BookingSteps:65 - Click book now button
2025-07-30 18:12:53 INFO  BookingSteps:97 - Error message displayed below all fields....
2025-07-30 18:12:53 INFO  BookingSteps:29 - Current Working Directory: C:\Users\DELL\eclipse-workspace\EventManagementAutomation
2025-07-30 18:12:53 INFO  BookingSteps:30 - Starting Chrome Browser....
2025-07-30 18:12:53 INFO  BookingSteps:39 - Navigating to Booking Page....
2025-07-30 18:12:55 INFO  BookingSteps:118 - Entered valid details in all fields with invalid email....
2025-07-30 18:12:55 INFO  BookingSteps:65 - Click book now button
2025-07-30 18:12:55 ERROR BookingSteps:125 - No error message displayed for invalid email....
2025-07-30 18:12:55 INFO  BookingSteps:29 - Current Working Directory: C:\Users\DELL\eclipse-workspace\EventManagementAutomation
2025-07-30 18:12:55 INFO  BookingSteps:30 - Starting Chrome Browser....
2025-07-30 18:12:55 INFO  BookingSteps:39 - Navigating to Booking Page....
2025-07-30 18:12:56 INFO  BookingSteps:154 - Entered valid details in all fields with non-numeric phoneno....
2025-07-30 18:12:56 INFO  BookingSteps:65 - Click book now button
2025-07-30 18:12:56 ERROR BookingSteps:161 - No error message displayed for non-numeric phoneno....
2025-07-30 18:12:56 INFO  BookingSteps:29 - Current Working Directory: C:\Users\DELL\eclipse-workspace\EventManagementAutomation
2025-07-30 18:12:56 INFO  BookingSteps:30 - Starting Chrome Browser....
2025-07-30 18:12:56 INFO  BookingSteps:39 - Navigating to Booking Page....
2025-07-30 18:12:57 INFO  BookingSteps:184 - Entered valid details in all fields....
2025-07-30 18:12:57 INFO  BookingSteps:65 - Click book now button
2025-07-30 18:12:57 INFO  BookingSteps:134 - Success message shown when valid details are entered....
2025-07-30 18:12:57 INFO  ContactUsSteps:33 - Current Working Directory: C:\Users\DELL\eclipse-workspace\EventManagementAutomation
2025-07-30 18:12:57 INFO  ContactUsSteps:34 - Starting chrome browser....
2025-07-30 18:12:57 INFO  ContactUsSteps:44 - Navigate to ContactUs page....
2025-07-30 18:12:57 INFO  ContactUsSteps:57 - Enter all valid details and invalid email by reading Excel file....
2025-07-30 18:12:57 INFO  ContactUsSteps:67 - Clicked on send message button....
2025-07-30 18:12:57 ERROR ContactUsSteps:82 - No error message displayed for invalid email....
2025-07-30 18:12:57 INFO  ContactUsSteps:33 - Current Working Directory: C:\Users\DELL\eclipse-workspace\EventManagementAutomation
2025-07-30 18:12:57 INFO  ContactUsSteps:34 - Starting chrome browser....
2025-07-30 18:12:57 INFO  ContactUsSteps:44 - Navigate to ContactUs page....
2025-07-30 18:12:58 INFO  ContactUsSteps:97 - Entered all valid details....
2025-07-30 18:12:58 INFO  ContactUsSteps:67 - Clicked on send message button....
2025-07-30 18:12:58 INFO  ContactUsSteps:75 - Success Message is displayed after 3 seconds....
2025-07-30 18:22:00 INFO  BookingSteps:29 - Current Working Directory: C:\Users\DELL\eclipse-workspace\EventManagementAutomation
2025-07-30 18:22:00 INFO  BookingSteps:30 - Starting Chrome Browser....
2025-07-30 18:22:19 INFO  BookingSteps:39 - Navigating to Booking Page....
2025-07-30 18:22:20 INFO  BookingSteps:57 - Entered all fields blank....
2025-07-30 18:22:20 INFO  BookingSteps:65 - Click book now button
2025-07-30 18:22:20 INFO  BookingSteps:97 - Error message displayed below all fields....
2025-07-30 18:22:20 INFO  BookingSteps:29 - Current Working Directory: C:\Users\DELL\eclipse-workspace\EventManagementAutomation
2025-07-30 18:22:20 INFO  BookingSteps:30 - Starting Chrome Browser....
2025-07-30 18:22:20 INFO  BookingSteps:39 - Navigating to Booking Page....
2025-07-30 18:22:22 INFO  BookingSteps:118 - Entered valid details in all fields with invalid email....
2025-07-30 18:22:22 INFO  BookingSteps:65 - Click book now button
2025-07-30 18:22:22 ERROR BookingSteps:125 - No error message displayed for invalid email....
2025-07-30 18:22:22 INFO  BookingSteps:29 - Current Working Directory: C:\Users\DELL\eclipse-workspace\EventManagementAutomation
2025-07-30 18:22:22 INFO  BookingSteps:30 - Starting Chrome Browser....
2025-07-30 18:22:22 INFO  BookingSteps:39 - Navigating to Booking Page....
2025-07-30 18:22:23 INFO  BookingSteps:154 - Entered valid details in all fields with non-numeric phoneno....
2025-07-30 18:22:23 INFO  BookingSteps:65 - Click book now button
2025-07-30 18:22:23 ERROR BookingSteps:161 - No error message displayed for non-numeric phoneno....
2025-07-30 18:22:23 INFO  BookingSteps:29 - Current Working Directory: C:\Users\DELL\eclipse-workspace\EventManagementAutomation
2025-07-30 18:22:23 INFO  BookingSteps:30 - Starting Chrome Browser....
2025-07-30 18:22:23 INFO  BookingSteps:39 - Navigating to Booking Page....
2025-07-30 18:22:24 INFO  BookingSteps:184 - Entered valid details in all fields....
2025-07-30 18:22:24 INFO  BookingSteps:65 - Click book now button
2025-07-30 18:22:24 INFO  BookingSteps:134 - Success message shown when valid details are entered....
2025-07-30 18:22:24 INFO  ContactUsSteps:33 - Current Working Directory: C:\Users\DELL\eclipse-workspace\EventManagementAutomation
2025-07-30 18:22:24 INFO  ContactUsSteps:34 - Starting chrome browser....
2025-07-30 18:22:24 INFO  ContactUsSteps:44 - Navigate to ContactUs page....
2025-07-30 18:22:24 INFO  ContactUsSteps:57 - Enter all valid details and invalid email by reading Excel file....
2025-07-30 18:22:24 INFO  ContactUsSteps:67 - Clicked on send message button....
2025-07-30 18:22:24 ERROR ContactUsSteps:82 - No error message displayed for invalid email....
2025-07-30 18:22:24 INFO  ContactUsSteps:33 - Current Working Directory: C:\Users\DELL\eclipse-workspace\EventManagementAutomation
2025-07-30 18:22:24 INFO  ContactUsSteps:34 - Starting chrome browser....
2025-07-30 18:22:25 INFO  ContactUsSteps:44 - Navigate to ContactUs page....
2025-07-30 18:22:25 INFO  ContactUsSteps:97 - Entered all valid details....
2025-07-30 18:22:25 INFO  ContactUsSteps:67 - Clicked on send message button....
2025-07-30 18:22:25 INFO  ContactUsSteps:75 - Success Message is displayed after 3 seconds....
2025-07-30 18:30:05 INFO  BookingSteps:29 - Current Working Directory: C:\Users\DELL\eclipse-workspace\EventManagementAutomation
2025-07-30 18:30:05 INFO  BookingSteps:30 - Starting Chrome Browser....
2025-07-30 18:30:22 INFO  BookingSteps:39 - Navigating to Booking Page....
2025-07-30 18:30:23 INFO  BookingSteps:57 - Entered all fields blank....
2025-07-30 18:30:24 INFO  BookingSteps:65 - Click book now button
2025-07-30 18:30:24 INFO  BookingSteps:97 - Error message displayed below all fields....
2025-07-30 18:30:24 INFO  BookingSteps:29 - Current Working Directory: C:\Users\DELL\eclipse-workspace\EventManagementAutomation
2025-07-30 18:30:24 INFO  BookingSteps:30 - Starting Chrome Browser....
2025-07-30 18:30:24 INFO  BookingSteps:39 - Navigating to Booking Page....
2025-07-30 18:30:25 INFO  BookingSteps:118 - Entered valid details in all fields with invalid email....
2025-07-30 18:30:25 INFO  BookingSteps:65 - Click book now button
2025-07-30 18:30:25 ERROR BookingSteps:124 - No error message displayed for invalid email....
2025-07-30 18:30:25 INFO  BookingSteps:29 - Current Working Directory: C:\Users\DELL\eclipse-workspace\EventManagementAutomation
2025-07-30 18:30:25 INFO  BookingSteps:30 - Starting Chrome Browser....
2025-07-30 18:30:25 INFO  BookingSteps:39 - Navigating to Booking Page....
2025-07-30 18:30:26 INFO  BookingSteps:152 - Entered valid details in all fields with non-numeric phoneno....
2025-07-30 18:30:26 INFO  BookingSteps:65 - Click book now button
2025-07-30 18:30:26 ERROR BookingSteps:158 - No error message displayed for non-numeric phoneno....
2025-07-30 18:30:26 INFO  BookingSteps:29 - Current Working Directory: C:\Users\DELL\eclipse-workspace\EventManagementAutomation
2025-07-30 18:30:26 INFO  BookingSteps:30 - Starting Chrome Browser....
2025-07-30 18:30:26 INFO  BookingSteps:39 - Navigating to Booking Page....
2025-07-30 18:30:27 INFO  BookingSteps:180 - Entered valid details in all fields....
2025-07-30 18:30:27 INFO  BookingSteps:65 - Click book now button
2025-07-30 18:30:27 INFO  BookingSteps:132 - Success message shown when valid details are entered....
2025-07-30 18:30:28 INFO  ContactUsSteps:33 - Current Working Directory: C:\Users\DELL\eclipse-workspace\EventManagementAutomation
2025-07-30 18:30:28 INFO  ContactUsSteps:34 - Starting chrome browser....
2025-07-30 18:30:28 INFO  ContactUsSteps:43 - Navigate to ContactUs page....
2025-07-30 18:30:28 INFO  ContactUsSteps:56 - Enter all valid details and invalid email by reading Excel file....
2025-07-30 18:30:28 INFO  ContactUsSteps:62 - Clicked on send message button....
2025-07-30 18:30:28 ERROR ContactUsSteps:76 - No error message displayed for invalid email....
2025-07-30 18:30:28 INFO  ContactUsSteps:33 - Current Working Directory: C:\Users\DELL\eclipse-workspace\EventManagementAutomation
2025-07-30 18:30:28 INFO  ContactUsSteps:34 - Starting chrome browser....
2025-07-30 18:30:28 INFO  ContactUsSteps:43 - Navigate to ContactUs page....
2025-07-30 18:30:28 INFO  ContactUsSteps:95 - Entered all valid details....
2025-07-30 18:30:28 INFO  ContactUsSteps:62 - Clicked on send message button....
2025-07-30 18:30:29 INFO  ContactUsSteps:70 - Success Message is displayed after 3 seconds....
2025-07-30 18:34:01 INFO  BookingSteps:29 - Current Working Directory: C:\Users\DELL\eclipse-workspace\EventManagementAutomation
2025-07-30 18:34:01 INFO  BookingSteps:30 - Starting Chrome Browser....
2025-07-30 18:34:19 INFO  BookingSteps:39 - Navigating to Booking Page....
2025-07-30 18:34:21 INFO  BookingSteps:57 - Entered all fields blank....
2025-07-30 18:34:21 INFO  BookingSteps:65 - Click book now button
2025-07-30 18:34:21 INFO  BookingSteps:97 - Error message displayed below all fields....
2025-07-30 18:34:21 INFO  BookingSteps:29 - Current Working Directory: C:\Users\DELL\eclipse-workspace\EventManagementAutomation
2025-07-30 18:34:21 INFO  BookingSteps:30 - Starting Chrome Browser....
2025-07-30 18:34:21 INFO  BookingSteps:39 - Navigating to Booking Page....
2025-07-30 18:34:23 INFO  BookingSteps:118 - Entered valid details in all fields with invalid email....
2025-07-30 18:34:23 INFO  BookingSteps:65 - Click book now button
2025-07-30 18:34:23 ERROR BookingSteps:124 - No error message displayed for invalid email....
2025-07-30 18:34:23 INFO  BookingSteps:29 - Current Working Directory: C:\Users\DELL\eclipse-workspace\EventManagementAutomation
2025-07-30 18:34:23 INFO  BookingSteps:30 - Starting Chrome Browser....
2025-07-30 18:34:23 INFO  BookingSteps:39 - Navigating to Booking Page....
2025-07-30 18:34:25 INFO  BookingSteps:152 - Entered valid details in all fields with non-numeric phoneno....
2025-07-30 18:34:25 INFO  BookingSteps:65 - Click book now button
2025-07-30 18:34:25 ERROR BookingSteps:158 - No error message displayed for non-numeric phoneno....
2025-07-30 18:34:25 INFO  BookingSteps:29 - Current Working Directory: C:\Users\DELL\eclipse-workspace\EventManagementAutomation
2025-07-30 18:34:25 INFO  BookingSteps:30 - Starting Chrome Browser....
2025-07-30 18:34:25 INFO  BookingSteps:39 - Navigating to Booking Page....
2025-07-30 18:34:26 INFO  BookingSteps:180 - Entered valid details in all fields....
2025-07-30 18:34:26 INFO  BookingSteps:65 - Click book now button
2025-07-30 18:34:26 INFO  BookingSteps:132 - Success message shown when valid details are entered....
2025-07-30 18:34:26 INFO  ContactUsSteps:33 - Current Working Directory: C:\Users\DELL\eclipse-workspace\EventManagementAutomation
2025-07-30 18:34:26 INFO  ContactUsSteps:34 - Starting chrome browser....
2025-07-30 18:34:26 INFO  ContactUsSteps:43 - Navigate to ContactUs page....
2025-07-30 18:34:27 INFO  ContactUsSteps:56 - Enter all valid details and invalid email by reading Excel file....
2025-07-30 18:34:27 INFO  ContactUsSteps:62 - Clicked on send message button....
2025-07-30 18:34:27 ERROR ContactUsSteps:76 - No error message displayed for invalid email....
2025-07-30 18:34:27 INFO  ContactUsSteps:33 - Current Working Directory: C:\Users\DELL\eclipse-workspace\EventManagementAutomation
2025-07-30 18:34:27 INFO  ContactUsSteps:34 - Starting chrome browser....
2025-07-30 18:34:27 INFO  ContactUsSteps:43 - Navigate to ContactUs page....
2025-07-30 18:34:28 INFO  ContactUsSteps:95 - Entered all valid details....
2025-07-30 18:34:28 INFO  ContactUsSteps:62 - Clicked on send message button....
2025-07-30 18:34:28 INFO  ContactUsSteps:70 - Success Message is displayed after 3 seconds....
2025-07-30 18:36:59 INFO  BookingSteps:29 - Current Working Directory: C:\Users\DELL\eclipse-workspace\EventManagementAutomation
2025-07-30 18:36:59 INFO  BookingSteps:30 - Starting Chrome Browser....
2025-07-30 18:37:12 INFO  BookingSteps:39 - Navigating to Booking Page....
2025-07-30 18:37:13 INFO  BookingSteps:57 - Entered all fields blank....
2025-07-30 18:37:13 INFO  BookingSteps:65 - Click book now button
2025-07-30 18:37:13 INFO  BookingSteps:97 - Error message displayed below all fields....
2025-07-30 18:37:13 INFO  BookingSteps:29 - Current Working Directory: C:\Users\DELL\eclipse-workspace\EventManagementAutomation
2025-07-30 18:37:13 INFO  BookingSteps:30 - Starting Chrome Browser....
2025-07-30 18:37:13 INFO  BookingSteps:39 - Navigating to Booking Page....
2025-07-30 18:37:15 INFO  BookingSteps:118 - Entered valid details in all fields with invalid email....
2025-07-30 18:37:15 INFO  BookingSteps:65 - Click book now button
2025-07-30 18:37:15 ERROR BookingSteps:124 - No error message displayed for invalid email....
2025-07-30 18:37:15 INFO  BookingSteps:29 - Current Working Directory: C:\Users\DELL\eclipse-workspace\EventManagementAutomation
2025-07-30 18:37:15 INFO  BookingSteps:30 - Starting Chrome Browser....
2025-07-30 18:37:15 INFO  BookingSteps:39 - Navigating to Booking Page....
2025-07-30 18:37:16 INFO  BookingSteps:152 - Entered valid details in all fields with non-numeric phoneno....
2025-07-30 18:37:16 INFO  BookingSteps:65 - Click book now button
2025-07-30 18:37:16 ERROR BookingSteps:158 - No error message displayed for non-numeric phoneno....
2025-07-30 18:37:16 INFO  BookingSteps:29 - Current Working Directory: C:\Users\DELL\eclipse-workspace\EventManagementAutomation
2025-07-30 18:37:16 INFO  BookingSteps:30 - Starting Chrome Browser....
2025-07-30 18:37:16 INFO  BookingSteps:39 - Navigating to Booking Page....
2025-07-30 18:37:18 INFO  BookingSteps:180 - Entered valid details in all fields....
2025-07-30 18:37:18 INFO  BookingSteps:65 - Click book now button
2025-07-30 18:37:18 INFO  BookingSteps:132 - Success message shown when valid details are entered....
2025-07-30 18:37:18 INFO  ContactUsSteps:33 - Current Working Directory: C:\Users\DELL\eclipse-workspace\EventManagementAutomation
2025-07-30 18:37:18 INFO  ContactUsSteps:34 - Starting chrome browser....
2025-07-30 18:37:18 INFO  ContactUsSteps:43 - Navigate to ContactUs page....
2025-07-30 18:37:19 INFO  ContactUsSteps:56 - Enter all valid details and invalid email by reading Excel file....
2025-07-30 18:37:19 INFO  ContactUsSteps:62 - Clicked on send message button....
2025-07-30 18:37:19 ERROR ContactUsSteps:76 - No error message displayed for invalid email....
2025-07-30 18:37:19 INFO  ContactUsSteps:33 - Current Working Directory: C:\Users\DELL\eclipse-workspace\EventManagementAutomation
2025-07-30 18:37:19 INFO  ContactUsSteps:34 - Starting chrome browser....
2025-07-30 18:37:19 INFO  ContactUsSteps:43 - Navigate to ContactUs page....
2025-07-30 18:37:19 INFO  ContactUsSteps:95 - Entered all valid details....
2025-07-30 18:37:19 INFO  ContactUsSteps:62 - Clicked on send message button....
2025-07-30 18:37:19 INFO  ContactUsSteps:70 - Success Message is displayed after 3 seconds....
